<?xml version="1.0" encoding="UTF-8"?>
<!-- Generated by org.testng.reporters.JUnitReportReporter -->
<testsuite skipped="0" hostname="SCS-R37" name="com.qa.tests.ContactPage" tests="1" failures="0" timestamp="17 Aug 2020 12:00:57 GMT" time="0.010" errors="0">
  <testcase name="Contacts_Page" time="0.010" classname="com.qa.tests.ContactPage"/>
</testsuite> <!-- com.qa.tests.ContactPage -->
