<?xml version="1.0" encoding="UTF-8"?>
<!-- Generated by org.testng.reporters.JUnitReportReporter -->
<testsuite skipped="0" hostname="SCS-R37" name="com.qa.tests.Verify_Search_Page" tests="1" failures="0" timestamp="17 Aug 2020 08:09:34 GMT" time="0.016" errors="0">
  <testcase name="Search_Page" time="0.016" classname="com.qa.tests.Verify_Search_Page"/>
</testsuite> <!-- com.qa.tests.Verify_Search_Page -->
