<?xml version="1.0" encoding="UTF-8"?>
<!-- Generated by org.testng.reporters.JUnitReportReporter -->
<testsuite skipped="0" hostname="SCS-R37" name="com.qa.tests.Verify_Login" tests="2" failures="0" timestamp="17 Aug 2020 07:59:56 GMT" time="0.016" errors="0">
  <testcase name="Home_Page" time="0.014" classname="com.qa.tests.Verify_Login"/>
  <testcase name="login_Page" time="0.002" classname="com.qa.tests.Verify_Login"/>
</testsuite> <!-- com.qa.tests.Verify_Login -->
