<?xml version="1.0" encoding="UTF-8"?>
<!-- Generated by org.testng.reporters.JUnitReportReporter -->
<testsuite skipped="0" hostname="SCS-R37" name="com.qa.tests.Verify_Deals_Page_Test" tests="1" failures="0" timestamp="17 Aug 2020 08:08:50 GMT" time="0.011" errors="0">
  <testcase name="deals_Page" time="0.011" classname="com.qa.tests.Verify_Deals_Page_Test"/>
</testsuite> <!-- com.qa.tests.Verify_Deals_Page_Test -->
